<?xml version="1.0" encoding="UTF-8"?>
<!-- Generated by org.testng.reporters.JUnitReportReporter -->
<testsuite hostname="DESKTOP-B0OQN32" failures="0" tests="3" name="ealtestng_pack.Logtestng" time="0.173" errors="0" timestamp="2024-03-16T15:53:01 EDT" skipped="0">
  <testcase classname="ealtestng_pack.Logtestng" name="t2" time="0.001"/>
  <testcase classname="ealtestng_pack.Logtestng" name="verify_homepage" time="0.158"/>
  <testcase classname="ealtestng_pack.Logtestng" name="login" time="0.014"/>
</testsuite> <!-- ealtestng_pack.Logtestng -->
